>>>verdiVcstResizeTopWin
<<< Success : 
>>>verdiWindowRestoreUserLayout -lastRunLayout
<<< Success : 1
>>>verdiDockWidgetSetCurTab -dock windowDock_vcstConsole_2
<<< Success : 1
>>>source /mnt/vol_NFS_Zener/WD_ESPEC/rmolina/evaristo_project/vc_static/O-2018.09-SP2/auxx/monet/tcl/menu.tcl

<<< Success : 1
>>>verdiSetRCValue -section appSetting -key fv -value {};verdiSetRCValue -section appSetting -key cov -value {};verdiSetRCValue -section appSetting -key seq -value {};verdiSetRCValue -section appSetting -key cc -value {};verdiSetRCValue -section appSetting -key con -value {};verdiSetRCValue -section appSetting -key fta -value {};verdiSetRCValue -section appSetting -key frv -value {};verdiSetRCValue -section appSetting -key fsv -value {};verdiSetRCValue -section appSetting -key fxp -value {};verdiSetRCValue -section appSetting -key dpv -value {};verdiSetRCValue -section appSetting -key showDisabled -value {true};verdiSetRCValue -section appSetting -key showWaived -value {false};verdiSetRCValue -section appSetting -key enableLiveSearch -value {false};verdiSetRCValue -section appSetting -key enableCaseSensitiveSearch -value {false};verdiSetRCValue -section appSetting -key showStatusText -value {false};verdiSetRCValue -section appSetting -key showConstantAnnot -value {true};verdiSetRCValue -section appSetting -key font -value {Bitstream Vera Sans(11)};verdiSetRCValue -section icmSetting -key startICMOverWrite -value {false};verdiSetRCValue -section icmSetting -key startICMNoAssumeProven -value {false};verdiSetRCValue -section icmSetting -key stepDepth -value {2};verdiSetRCValue -section icmSetting -key bmcDepth -value {50};verdiSetRCValue -section icmSetting -key checkICMBlock -value {false};verdiSetRCValue -section icmSetting -key endICMDeleteICMTask -value {false};verdiSetRCValue -section icmSetting -key endICMCopyOnlySelectedProps -value {false};verdiSetRCValue -section appSetting -key showNewVacuityIcon -value {false};verdiSetRCValue -section appSetting -key enableXTriggeringSchematic -value {false};verdiSetRCValue -section vdCovSetting -key scopeComplexity -value {false};verdiSetRCValue -section vdCovSetting -key scopeCOV -value {false};verdiSetRCValue -section vdCovSetting -key coiOABA -value {false};verdiSetRCValue -section vdCovSetting -key coiOAPBA -value {true};verdiSetRCValue -section vdCovSetting -key coiFCAll -value {false};verdiSetRCValue -section vdCovSetting -key coiFCSelected -value {true};verdiSetRCValue -section appSetting -key syncScope -value {false};verdiSetRCValue -section appSetting -key icon -value {20};sysRcFileSaveFlush;
<<< Failed : An error occurred executing verdiSetRCValue.
>>>@@@Event: swnTraceWindowType(-win "nTrace")
>>>@@@Event: swnTraceWindowType(-win "nTrace")
>>>verdiVcstOnPropSelectionChanged -strNum 0 -propList {}
<<< Success : 
>>>verdiDockWidgetSetCurTab -dock widgetDock_VCF:GoalList
<<< Success : 1
>>>verdiDockWidgetSetCurTab -dock widgetDock_VCF:TaskList
<<< Success : 1
>>>verdiVcstSetAppmode -mode FPV -fromVcst
<<< Success : 
>>>set ::vcst::_fml_max_proof_depth {-1};set ::vcst::_fml_max_time {12H}
<<< Success : 12H
>>>verdiGetVcstCmdResult -xmlstr {<Command name="sim_run" status="1" />}
<<< Success : 1
>>>verdiSetStatusMsg -win Verdi_1 -color red { Design import... cross probing not ready }
<<< Success : 1
>>>set ::vcst::_top "tec_riscv_bus"
set ::vcst::_elab ""
set ::vcst::_elabOpts {}
set ::vcst::_rtdbDir {/mnt/vol_NFS_Zener/WD_ESPEC/rmolina/evaristo_project/bus_vcf_2/bus_vcf/vcst_rtdb}
set ::vcst::_hiddenDir {.internal}
set ::vcst::_masterMode true
set ::vcst::_workLib "work"
set ::vcst::_upfOpts " -upf "
set ::vcst::_enableKdb "true"
set ::vcst::_simBinPath "simv"
set ::vcst::_goldenUpfConfig {}
set ::vcst::_nldmNschema {false}
set ::vcst::_kdbAlias {true}
set ::vcst::_covDut {}
set ::vcst::_splitbus {false}
set ::vcst::_enableVerdiLog {1}
set ::vcst::_fml_max_proof_depth {-1}
set ::vcst::_libArgs ""
set ::vcst::_seqXmlFile ""
schSetPreference -turboLibs "" -turboLibPaths ""
verdiSetPrefEnv -bSpecifyWindowTitleForDockContainer off
schSetPreference -detailRTL on
paSetPreference -brightenPowerColor on
schSetPreference -showPassThroughNet on
paSetPreference -AnnotateSignal off
paSetPreference -highlightPowerObject off
srcAssertSetOpt -addSigToWave 0 -addSigWithExpGrp 1 -maskWave 0 -ShowCycleInfo 1
verdiRunVcst -on
schSetVCSTDelimiter -hierDelim .
srcSetXpropOption "tmerge"
set ::vcst::_powerDbDir ""
set ::vcst::_bRestore ""
verdiDockWidgetFix -dock widgetDock_VCF:GoalList
::vcst::loadMainWin "0"
verdiDockWidgetUnfix -dock widgetDock_VCF:GoalList

setStyleFvProgress -css {font-family:Bitstream Vera Sans monospace;font-size:11px}
setStyleFvGoalProgress -css {font-family:Bitstream Vera Sans monospace;font-size:11px}
verdiSetFont -font "Bitstream Vera Sans" -size "11"
verdiSetPrefEnv -monoFontSize "11"
verdiVcstEnableAppMode -enable FRV

verdiRunVcstCmd "action aaVerdiWaitAnnotation -trigger
" -no_wait
verdiRunVcstCmd "action aaMonetSetReuseWave -data \{[verdiGetRCValue -section appSetting -key reuseWave]\}
" -no_wait
<<< Success : 1
>>>verdiSetPrefEnv -bDockNewWindowInContainerWhenFindSameType "off"
>>>@@@Event: srcImportDesign(tec_riscv_bus)
>>>verdiSetStatusMsg -win Verdi_1 -color black { Design import ready }
<<< Success : 1
>>>@@@Event: srcHBTreeSelect({ 1 {tec_riscv_bus}})
>>>@@@Event: srcChangeScope(tec_riscv_bus)
>>>@@@Event: srcHBTreeSelect({ 1 {tec_riscv_bus}})
>>>@@@Event: srcGetSnipSignal(srcGetSnipSignal)
>>>@@@Event: srcGetBlackbox(srcGetBlackbox)
>>>@@@Event: verdiRunVcstCmd(action aaVerdiWaitAnnotation -trigger
 -no_wait)
>>>verdiGetVcstCmdResult -xmlstr {<Command name="action" received="1"></Command>}

<<< Success : 1
>>>verdiGetVcstCmdResult -xmlstr {<Command name="action" status="1"></Command>}

<<< Success : 1
>>>@@@Event: verdiRunVcstCmd(action aaMonetSetReuseWave -data {}
 -no_wait)
>>>verdiGetVcstCmdResult -xmlstr {<Command name="action" received="1"></Command>}

<<< Success : 1
>>>verdiGetVcstCmdResult -xmlstr {<Command name="action" status="1"></Command>}

<<< Success : 1
>>>@@@Event: swnTraceWindowType(-win "nTrace")
>>>@@@Event: swnTraceWindowType(-win "nTrace")
<<< Success : 1
>>>set ::vcst::_bRestore ""
<<< Success : 
>>>verdiLayoutFreeze -off
<<< Success : 1
>>>verdiGetVcstCmdResult -xmlstr {<Command name="sim_save_reset" status="1" />}
<<< Success : 1
>>>verdiSetRCValue -section appSetting -key conSize -value {PROPERTY_CLASS,100:PROPERTY_CLOCK,100:PROPERTY_ENABLED,100:PROPERTY_EXPRESSION,100:PROPERTY_ID,100:PROPERTY_INSTANCE,100:PROPERTY_LANGUAGE,100:PROPERTY_LOCATION,100:PROPERTY_NAME,100:PROPERTY_SCOPE,100:PROPERTY_SIGNALS,100:PROPERTY_SVA_TYPE,100:PROPERTY_TYPE,100:PROPERTY_USAGE,100:PROPERTY_VACUITY,100:PROPERTY_WITNESS,100:};
<<< Success : 
>>>verdiLayoutFreeze -off
<<< Success : 1
>>>::vcst::showDebugViews -1 false false setupSource
<<< Success : 1
>>>verdiWindowMoveDockTab -win Verdi_1 widgetDock_VCF:Shell widgetDock_VCF:GoalList widgetDock_<Message>
verdiDockWidgetSetCurTab -dock widgetDock_VCF:GoalList

<<< Success : 1
>>>srcSetBlackbox   -delim {.}
<<< Success : 0
>>>srcSetSnipSignal -reset
<<< Success : 1
>>>report_fv_complexity -silent
<<< Success : 1
>>>vcstPropertyDensityShow -silent abstraction
<<< Success : 0
>>>srcSetSnipSignal -file {/mnt/vol_NFS_Zener/WD_ESPEC/rmolina/evaristo_project/bus_vcf_2/bus_vcf/vcst_rtdb/.internal/verdi/snip_signals.list}
<<< Success : 0
>>>report_fv_complexity -silent
<<< Success : 1
>>>vcstPropertyDensityShow -silent abstraction
<<< Success : 0
>>>verdiVcstConstantReport -xmlFile /mnt/vol_NFS_Zener/WD_ESPEC/rmolina/evaristo_project/bus_vcf_2/bus_vcf/vcst_rtdb/.internal/verdi/constant.xml 
<<< Success : 1
>>>@@@Event: swnTraceWindowType(-win "nTrace")
>>>@@@Event: swnTraceWindowType(-win "nTrace")
>>>verdiVcstCheckFv -taskName FPV
<<< Success : 1
>>>vcstRunCovCmd -async gui_vcst_set_parameters -is_running true
<<< Success : 0
>>>@@@Event: vcstReportFvProgress(gridUsage.xml gridUsage null)
>>>verdiGetVcstCmdResult -xmlstr {<Command name="check_fv" status="1" />}
<<< Success : 1
>>>receiveFvProgress /mnt/vol_NFS_Zener/WD_ESPEC/rmolina/evaristo_project/bus_vcf_2/bus_vcf/vcst_rtdb/.internal/verdi/gridUsage.xml0
<<< Success : 1
>>>verdiVcstCheckFv -taskName FPV
<<< Success : 
>>>vcstRunCovCmd -async gui_vcst_set_parameters -is_running false
<<< Success : 0
>>>verdiVcstOnPropSelectionChanged -strNum 1 -propList {tec_riscv_bus.sva_bus_inst.a1}
<<< Success : 1
>>>verdiVcstOnPropSelectionChanged -strNum 1 -propList {tec_riscv_bus.sva_bus_inst.a1}
<<< Success : 1
>>>verdiSetStatusMsg -win $_Verdi_1 -2nd "Preparing FSDB..."
<<< Success : 1
>>>verdiGetVcstCmdResult -xmlstr {<Command name="view_trace" status="1" />}
<<< Success : 1
>>>verdiSetStatusMsg -win $_Verdi_1 -2nd "FSDB is ready, Waveform loading..."
<<< Success : 1
>>>sysWarnEnable -disable; set ::vcst::sysWarnEnable 0
<<< Success : 0
>>>verdiLayoutFreeze -off
<<< Success : 1
>>>set ::vcst::_curWaveVw [wvCreateWindow]
<<< Success : 16c3f0b0
>>>srcSetPreference -annotate on
>>>@@@Event: wvCreateWindow(16c3f0b0)
<<< Success : 1
>>>verdiToolBar -win $_Verdi_1 -toolbar toolBarFormalVerification -moveToBf HB_BA_COMMAND_PANEL
<<< Success : 1
>>>set ::vcst::_fsdb $::vcst::_rtdbDir/.internal/formal/fpId1/trace_1.xml.replay.fsdb;
<<< Success : /mnt/vol_NFS_Zener/WD_ESPEC/rmolina/evaristo_project/bus_vcf_2/bus_vcf/vcst_rtdb/.internal/formal/fpId1/trace_1.xml.replay.fsdb
>>>expPropVcstDataUpdated -initFSDB $::vcst::_fsdb;
<<< Success : 1
>>>::vcst::wvOpenFsdb $::vcst::_curWaveVw $::vcst::_fsdb
<<< Success : 1
>>>verdiVcstFsdbAppMode -fsdb $::vcst::_fsdb -AppMode FPV
>>>@@@Event: debSimResultOpen(/mnt/vol_NFS_Zener/WD_ESPEC/rmolina/evaristo_project/bus_vcf_2/bus_vcf/vcst_rtdb/.internal/formal/fpId1/trace_1.xml.replay.fsdb)
>>>@@@Event: wvViewRangeChanged(0.000000 1105.950000)
>>>@@@Event: debCursorTimeChange(0)
>>>@@@Event: wvOpenFSDBFile(/mnt/vol_NFS_Zener/WD_ESPEC/rmolina/evaristo_project/bus_vcf_2/bus_vcf/vcst_rtdb/.internal/formal/fpId1/trace_1.xml.replay.fsdb)
<<< Success : 
>>>set ::vcst::_propClass {source}
set ::vcst::_propLoc {assertionsBUS.sva:42}
set ::vcst::_propType {assert}
set ::vcst::_propExpr {pndng_after_push_prop}
set ::vcst::_traceType {property}
set ::vcst::_sva {tec_riscv_bus.sva_bus_inst.a1}
::vcst::setupSvaDebug 0 0 700

<<< Success : 1
>>>wvAddGroup -win $::vcst::_curWaveVw {Support-Signals};wvAddSignal -delim "." -win $::vcst::_curWaveVw -group { Support-Signals {tec_riscv_bus.sva_bus_inst.clk}  {tec_riscv_bus.sva_bus_inst.reset} {tec_riscv_bus.sva_bus_inst.D_push_spi} {tec_riscv_bus.sva_bus_inst.push_spi} {tec_riscv_bus.sva_bus_inst.pndng_spi} {tec_riscv_bus.clk} };
>>>@@@Event: srcCloseFSDBFile(/mnt/vol_NFS_Zener/WD_ESPEC/rmolina/evaristo_project/bus_vcf_2/bus_vcf/vcst_rtdb/.internal/formal/fpId1/trace_1.xml.replay.fsdb)
>>>@@@Event: debSimResultClose()
>>>@@@Event: debSimResultOpen(/mnt/vol_NFS_Zener/WD_ESPEC/rmolina/evaristo_project/bus_vcf_2/bus_vcf/vcst_rtdb/.internal/verdi/evaluate_result.fsdb.vf)
>>>@@@Event: wvOpenFSDBFile(/mnt/vol_NFS_Zener/WD_ESPEC/rmolina/evaristo_project/bus_vcf_2/bus_vcf/vcst_rtdb/.internal/verdi/evaluate_result.fsdb.vf)
>>>@@@Event: wvZoom(0.000000 1105.950000)
>>>@@@Event: wvMarkerTimeChange(0 NULL /mnt/vol_NFS_Zener/WD_ESPEC/rmolina/evaristo_project/bus_vcf_2/bus_vcf/vcst_rtdb/.internal/verdi/evaluate_result.fsdb.vf)
>>>@@@Event: wvCursorTimeChange(0 {NULL} /mnt/vol_NFS_Zener/WD_ESPEC/rmolina/evaristo_project/bus_vcf_2/bus_vcf/vcst_rtdb/.internal/verdi/evaluate_result.fsdb.vf)
>>>@@@Event: debCursorTimeChange(0)
>>>@@@Event: wvZoom(0.000000 1105.950000)
>>>@@@Event: debCursorTimeChange(0)
>>>@@@Event: debCursorTimeChange(0)
>>>@@@Event: srcOpenFSDBFile(/mnt/vol_NFS_Zener/WD_ESPEC/rmolina/evaristo_project/bus_vcf_2/bus_vcf/vcst_rtdb/.internal/verdi/evaluate_result.fsdb.vf)
>>>@@@Event: wvCursorTimeChange(10900 {NULL} /mnt/vol_NFS_Zener/WD_ESPEC/rmolina/evaristo_project/bus_vcf_2/bus_vcf/vcst_rtdb/.internal/verdi/evaluate_result.fsdb.vf)
>>>@@@Event: wvViewRangeChanged(9953.550000 11059.500000)
>>>@@@Event: debCursorTimeChange(10900)
>>>@@@Event: wvCursorTimeChange(10900 {NULL} /mnt/vol_NFS_Zener/WD_ESPEC/rmolina/evaristo_project/bus_vcf_2/bus_vcf/vcst_rtdb/.internal/verdi/evaluate_result.fsdb.vf)
>>>@@@Event: debCursorTimeChange(10900)
>>>@@@Event: wvAddSignal(/ 1 {/tec_riscv_bus/sva_bus_inst/a1})
>>>@@@Event: wvAddSignalByIdCode(-idcode 1 {6347})
<<< Success : 1
>>>wvAddGroup -win $::vcst::_curWaveVw {Constant-Inputs};wvAddSignal -delim "." -win $::vcst::_curWaveVw -group { Constant-Inputs {tec_riscv_bus.push_mbc}  {tec_riscv_bus.pop_spi} {tec_riscv_bus.push_uart} {tec_riscv_bus.D_push_mbc} {tec_riscv_bus.D_push_uart} {tec_riscv_bus.D_} };wvCollapseGroup -win $::vcst::_curWaveVw {Constant-Inputs};
>>>@@@Event: wvAddSignal(/ 6 {/tec_riscv_bus/sva_bus_inst/clk} {/tec_riscv_bus/sva_bus_inst/reset} {/tec_riscv_bus/sva_bus_inst/D_push_spi[64:0]} {/tec_riscv_bus/sva_bus_inst/push_spi} {/tec_riscv_bus/sva_bus_inst/pndng_spi} {/tec_riscv_bus/clk})
>>>@@@Event: wvAddSignalByIdCode(-idcode 6 {881 871 884 873 879 22})
<<< Success : 1
>>>::vcst::addResetMarker 700
>>>@@@Event: wvAddSignal(/ 5 {/tec_riscv_bus/push_mbc} {/tec_riscv_bus/pop_spi} {/tec_riscv_bus/push_uart} {/tec_riscv_bus/D_push_mbc[64:0]} {/tec_riscv_bus/D_push_uart[64:0]})
>>>@@@Event: wvAddSignalByIdCode(-idcode 5 {9 13 5 30 26})
<<< Success : 1
>>>::vcst::showDebugViews -100 true true
>>>@@@Event: wvAddMarker("Rst-End" 700.000000)
>>>@@@Event: wvViewRangeChanged(147.025000 1252.975000)
>>>@@@Event: wvViewRangeChanged(0.000000 556.183066)
<<< Success : 1
>>>wvGoToGroup -win $::vcst::_curWaveVw SOURCE-Property
<<< Success : 1
>>>wvSetPosition -win $::vcst::_curWaveVw {("Support-Signals" last)}
<<< Success : 1
>>>wvZoomAll -win $::vcst::_curWaveVw
<<< Success : 1
>>>verdiSetStatusMsg -win $_Verdi_1 -2nd "Trace is loaded"
>>>@@@Event: wvViewRangeChanged(0.000000 11059.500000)
<<< Success : 1
>>>sysWarnEnable -enable; set ::vcst::sysWarnEnable 1
<<< Success : 1
>>>@@@Event: wvSelectSignal(1 {/tec_riscv_bus/sva_bus_inst/D_push_spi[64:0]})
>>>@@@Event: wvSelectSignal(1 {/tec_riscv_bus/sva_bus_inst/D_push_spi[64:0]})
>>>@@@Event: wvSelectSignal(1 {/tec_riscv_bus/sva_bus_inst/D_push_spi[64:0]})
>>>@@@Event: wvAddSignal(/ 65 {/tec_riscv_bus/sva_bus_inst/D_push_spi[64]} {/tec_riscv_bus/sva_bus_inst/D_push_spi[63]} {/tec_riscv_bus/sva_bus_inst/D_push_spi[62]} {/tec_riscv_bus/sva_bus_inst/D_push_spi[61]} {/tec_riscv_bus/sva_bus_inst/D_push_spi[60]} {/tec_riscv_bus/sva_bus_inst/D_push_spi[59]} {/tec_riscv_bus/sva_bus_inst/D_push_spi[58]} {/tec_riscv_bus/sva_bus_inst/D_push_spi[57]} {/tec_riscv_bus/sva_bus_inst/D_push_spi[56]} {/tec_riscv_bus/sva_bus_inst/D_push_spi[55]} {/tec_riscv_bus/sva_bus_inst/D_push_spi[54]} {/tec_riscv_bus/sva_bus_inst/D_push_spi[53]} {/tec_riscv_bus/sva_bus_inst/D_push_spi[52]} {/tec_riscv_bus/sva_bus_inst/D_push_spi[51]} {/tec_riscv_bus/sva_bus_inst/D_push_spi[50]} {/tec_riscv_bus/sva_bus_inst/D_push_spi[49]} {/tec_riscv_bus/sva_bus_inst/D_push_spi[48]} {/tec_riscv_bus/sva_bus_inst/D_push_spi[47]} {/tec_riscv_bus/sva_bus_inst/D_push_spi[46]} {/tec_riscv_bus/sva_bus_inst/D_push_spi[45]} {/tec_riscv_bus/sva_bus_inst/D_push_spi[44]} {/tec_riscv_bus/sva_bus_inst/D_push_spi[43]} {/tec_riscv_bus/sva_bus_inst/D_push_spi[42]} {/tec_riscv_bus/sva_bus_inst/D_push_spi[41]} {/tec_riscv_bus/sva_bus_inst/D_push_spi[40]} {/tec_riscv_bus/sva_bus_inst/D_push_spi[39]} {/tec_riscv_bus/sva_bus_inst/D_push_spi[38]} {/tec_riscv_bus/sva_bus_inst/D_push_spi[37]} {/tec_riscv_bus/sva_bus_inst/D_push_spi[36]} {/tec_riscv_bus/sva_bus_inst/D_push_spi[35]} {/tec_riscv_bus/sva_bus_inst/D_push_spi[34]} {/tec_riscv_bus/sva_bus_inst/D_push_spi[33]} {/tec_riscv_bus/sva_bus_inst/D_push_spi[32]} {/tec_riscv_bus/sva_bus_inst/D_push_spi[31]} {/tec_riscv_bus/sva_bus_inst/D_push_spi[30]} {/tec_riscv_bus/sva_bus_inst/D_push_spi[29]} {/tec_riscv_bus/sva_bus_inst/D_push_spi[28]} {/tec_riscv_bus/sva_bus_inst/D_push_spi[27]} {/tec_riscv_bus/sva_bus_inst/D_push_spi[26]} {/tec_riscv_bus/sva_bus_inst/D_push_spi[25]} {/tec_riscv_bus/sva_bus_inst/D_push_spi[24]} {/tec_riscv_bus/sva_bus_inst/D_push_spi[23]} {/tec_riscv_bus/sva_bus_inst/D_push_spi[22]} {/tec_riscv_bus/sva_bus_inst/D_push_spi[21]} {/tec_riscv_bus/sva_bus_inst/D_push_spi[20]} {/tec_riscv_bus/sva_bus_inst/D_push_spi[19]} {/tec_riscv_bus/sva_bus_inst/D_push_spi[18]} {/tec_riscv_bus/sva_bus_inst/D_push_spi[17]} {/tec_riscv_bus/sva_bus_inst/D_push_spi[16]} {/tec_riscv_bus/sva_bus_inst/D_push_spi[15]} {/tec_riscv_bus/sva_bus_inst/D_push_spi[14]} {/tec_riscv_bus/sva_bus_inst/D_push_spi[13]} {/tec_riscv_bus/sva_bus_inst/D_push_spi[12]} {/tec_riscv_bus/sva_bus_inst/D_push_spi[11]} {/tec_riscv_bus/sva_bus_inst/D_push_spi[10]} {/tec_riscv_bus/sva_bus_inst/D_push_spi[9]} {/tec_riscv_bus/sva_bus_inst/D_push_spi[8]} {/tec_riscv_bus/sva_bus_inst/D_push_spi[7]} {/tec_riscv_bus/sva_bus_inst/D_push_spi[6]} {/tec_riscv_bus/sva_bus_inst/D_push_spi[5]} {/tec_riscv_bus/sva_bus_inst/D_push_spi[4]} {/tec_riscv_bus/sva_bus_inst/D_push_spi[3]} {/tec_riscv_bus/sva_bus_inst/D_push_spi[2]} {/tec_riscv_bus/sva_bus_inst/D_push_spi[1]} {/tec_riscv_bus/sva_bus_inst/D_push_spi[0]})
>>>@@@Event: wvAddSignalByIdCode(-idcode 65 {-104 -105 -106 -107 -108 -109 -110 -111 -112 -113 -114 -115 -116 -117 -118 -119 -120 -121 -122 -123 -124 -125 -126 -127 -128 -129 -130 -131 -132 -133 -134 -135 -136 -137 -138 -139 -140 -141 -142 -143 -144 -145 -146 -147 -148 -149 -150 -151 -152 -153 -154 -155 -156 -157 -158 -159 -160 -161 -162 -163 -164 -165 -166 -167 -168})
>>>@@@Event: wvSelectSignal(1 {/tec_riscv_bus/sva_bus_inst/D_push_spi[6]})
>>>@@@Event: wvSelectSignal(1 {/tec_riscv_bus/sva_bus_inst/D_push_spi[59]})
>>>@@@Event: wvSelectSignal(1 {/tec_riscv_bus/sva_bus_inst/D_push_spi[58]})
>>>@@@Event: wvSelectSignal(1 {/tec_riscv_bus/sva_bus_inst/D_push_spi[57]})
>>>@@@Event: swnTraceWindowType(-win "nTrace")
>>>@@@Event: swnTraceWindowType(-win "nTrace")
>>>@@@Event: swnTraceWindowType(-win "nTrace")
>>>@@@Event: swnTraceWindowType(-win "nTrace")
>>>@@@Event: swnTraceWindowType(-win "nTrace")
>>>@@@Event: swnTraceWindowType(-win "nTrace")
>>>@@@Event: swnTraceWindowType(-win "nTrace")
>>>@@@Event: swnTraceWindowType(-win "nTrace")
>>>verdiVcstOnPropSelectionChanged -strNum 1 -propList {tec_riscv_bus.sva_bus_inst.a1}
<<< Success : 1
>>>verdiVcstOnPropSelectionChanged -strNum 1 -propList {tec_riscv_bus.sva_bus_inst.a1}
<<< Success : 1
>>>reportFvGoalProgress -p {tec_riscv_bus.sva_bus_inst.a1}
<<< Success : 1
>>>@@@Event: vcstReportFvGoalProgress(1 1 tec_riscv_bus.sva_bus_inst.a1)
>>>receiveFvGoalProgress -tabId 1 -f /mnt/vol_NFS_Zener/WD_ESPEC/rmolina/evaristo_project/bus_vcf_2/bus_vcf/vcst_rtdb/.internal/verdi/depthVsTime.xml00 -t 0 -trigger 
<<< Success : 0
